<?xml version="1.0" encoding="UTF-8"?>
<!-- Generated by org.testng.reporters.JUnitReportReporter -->
<testsuite skipped="0" hostname="LAPTOP-EGH7314D" name="mypack.Test1" tests="1" failures="0" timestamp="2021-02-08T10:43:51 IST" time="16.312" errors="0">
  <testcase name="method1" time="16.312" classname="mypack.Test1"/>
  <system-out/>
</testsuite> <!-- mypack.Test1 -->
