<?xml version="1.0" encoding="UTF-8"?>
<!-- Generated by org.testng.reporters.JUnitReportReporter -->
<testsuite skipped="0" hostname="LAPTOP-EGH7314D" name="mypack.Test3" tests="2" failures="0" timestamp="2021-02-08T19:46:38 IST" time="15.554" errors="0">
  <testcase name="method1" time="10.040" classname="mypack.Test3"/>
  <system-out/>
  <testcase name="method1" time="5.514" classname="mypack.Test3"/>
  <system-out/>
</testsuite> <!-- mypack.Test3 -->
